# JRE version: Java(TM) SE Runtime Environment (8.0_221-b11) (build 1.8.0_221-b11)
# Java VM: Java HotSpot(TM) 64-Bit Server VM (25.221-b11 mixed mode windows-amd64 compressed oops)
Heap:
 PSYoungGen      total 305664K, used 25555K [0x00000000d5980000, 0x00000000e9880000, 0x0000000100000000)
  eden space 296960K, 6% used [0x00000000d5980000,0x00000000d6b86bf0,0x00000000e7b80000)
  from space 8704K, 81% used [0x00000000e9000000,0x00000000e96ee220,0x00000000e9880000)
  to   space 14848K, 0% used [0x00000000e7b80000,0x00000000e7b80000,0x00000000e8a00000)
 ParOldGen       total 65536K, used 24401K [0x0000000080c00000, 0x0000000084c00000, 0x00000000d5980000)
  object space 65536K, 37% used [0x0000000080c00000,0x00000000823d4798,0x0000000084c00000)
 Metaspace       used 53294K, capacity 55536K, committed 55768K, reserved 1097728K
  class space    used 6736K, capacity 7121K, committed 7168K, reserved 1048576K
GC Heap History (10 events):
Event: 5.332 GC heap before
{Heap before GC invocations=8 (full 1):
 PSYoungGen      total 123904K, used 35369K [0x00000000d5980000, 0x00000000de580000, 0x0000000100000000)
  eden space 114688K, 23% used [0x00000000d5980000,0x00000000d737c5f8,0x00000000dc980000)
  from space 9216K, 95% used [0x00000000dd380000,0x00000000ddc0de40,0x00000000ddc80000)
  to   space 10240K, 0% used [0x00000000dc980000,0x00000000dc980000,0x00000000dd380000)
 ParOldGen       total 50176K, used 8975K [0x0000000080c00000, 0x0000000083d00000, 0x00000000d5980000)
  object space 50176K, 17% used [0x0000000080c00000,0x00000000814c3e70,0x0000000083d00000)
 Metaspace       used 34027K, capacity 35306K, committed 35416K, reserved 1079296K
  class space    used 4387K, capacity 4661K, committed 4736K, reserved 1048576K
Event: 5.345 GC heap after
Heap after GC invocations=8 (full 1):
 PSYoungGen      total 124928K, used 6673K [0x00000000d5980000, 0x00000000e3880000, 0x0000000100000000)
  eden space 114688K, 0% used [0x00000000d5980000,0x00000000d5980000,0x00000000dc980000)
  from space 10240K, 65% used [0x00000000dc980000,0x00000000dd0046f8,0x00000000dd380000)
  to   space 9728K, 0% used [0x00000000e2f00000,0x00000000e2f00000,0x00000000e3880000)
 ParOldGen       total 50176K, used 8975K [0x0000000080c00000, 0x0000000083d00000, 0x00000000d5980000)
  object space 50176K, 17% used [0x0000000080c00000,0x00000000814c3e70,0x0000000083d00000)
 Metaspace       used 34027K, capacity 35306K, committed 35416K, reserved 1079296K
  class space    used 4387K, capacity 4661K, committed 4736K, reserved 1048576K
}
Event: 5.345 GC heap before
{Heap before GC invocations=9 (full 2):
 PSYoungGen      total 124928K, used 6673K [0x00000000d5980000, 0x00000000e3880000, 0x0000000100000000)
  eden space 114688K, 0% used [0x00000000d5980000,0x00000000d5980000,0x00000000dc980000)
  from space 10240K, 65% used [0x00000000dc980000,0x00000000dd0046f8,0x00000000dd380000)
  to   space 9728K, 0% used [0x00000000e2f00000,0x00000000e2f00000,0x00000000e3880000)
 ParOldGen       total 50176K, used 8975K [0x0000000080c00000, 0x0000000083d00000, 0x00000000d5980000)
  object space 50176K, 17% used [0x0000000080c00000,0x00000000814c3e70,0x0000000083d00000)
 Metaspace       used 34027K, capacity 35306K, committed 35416K, reserved 1079296K
  class space    used 4387K, capacity 4661K, committed 4736K, reserved 1048576K
Event: 5.414 GC heap after
Heap after GC invocations=9 (full 2):
 PSYoungGen      total 124928K, used 0K [0x00000000d5980000, 0x00000000e3880000, 0x0000000100000000)
  eden space 114688K, 0% used [0x00000000d5980000,0x00000000d5980000,0x00000000dc980000)
  from space 10240K, 0% used [0x00000000dc980000,0x00000000dc980000,0x00000000dd380000)
  to   space 9728K, 0% used [0x00000000e2f00000,0x00000000e2f00000,0x00000000e3880000)
 ParOldGen       total 65536K, used 11006K [0x0000000080c00000, 0x0000000084c00000, 0x00000000d5980000)
  object space 65536K, 16% used [0x0000000080c00000,0x00000000816bfa38,0x0000000084c00000)
 Metaspace       used 34027K, capacity 35306K, committed 35416K, reserved 1079296K
  class space    used 4387K, capacity 4661K, committed 4736K, reserved 1048576K
}
Event: 6.745 GC heap before
{Heap before GC invocations=10 (full 2):
 PSYoungGen      total 124928K, used 114688K [0x00000000d5980000, 0x00000000e3880000, 0x0000000100000000)
  eden space 114688K, 100% used [0x00000000d5980000,0x00000000dc980000,0x00000000dc980000)
  from space 10240K, 0% used [0x00000000dc980000,0x00000000dc980000,0x00000000dd380000)
  to   space 9728K, 0% used [0x00000000e2f00000,0x00000000e2f00000,0x00000000e3880000)
 ParOldGen       total 65536K, used 11006K [0x0000000080c00000, 0x0000000084c00000, 0x00000000d5980000)
  object space 65536K, 16% used [0x0000000080c00000,0x00000000816bfa38,0x0000000084c00000)
 Metaspace       used 41488K, capacity 43332K, committed 43608K, reserved 1087488K
  class space    used 5374K, capacity 5702K, committed 5760K, reserved 1048576K
Event: 6.947 GC heap after
Heap after GC invocations=10 (full 2):
 PSYoungGen      total 217088K, used 9719K [0x00000000d5980000, 0x00000000e3b00000, 0x0000000100000000)
  eden space 207360K, 0% used [0x00000000d5980000,0x00000000d5980000,0x00000000e2400000)
  from space 9728K, 99% used [0x00000000e2f00000,0x00000000e387ddd0,0x00000000e3880000)
  to   space 11264K, 0% used [0x00000000e2400000,0x00000000e2400000,0x00000000e2f00000)
 ParOldGen       total 65536K, used 12488K [0x0000000080c00000, 0x0000000084c00000, 0x00000000d5980000)
  object space 65536K, 19% used [0x0000000080c00000,0x0000000081832098,0x0000000084c00000)
 Metaspace       used 41488K, capacity 43332K, committed 43608K, reserved 1087488K
  class space    used 5374K, capacity 5702K, committed 5760K, reserved 1048576K
}
Event: 123.836 GC heap before
{Heap before GC invocations=11 (full 2):
 PSYoungGen      total 217088K, used 217079K [0x00000000d5980000, 0x00000000e3b00000, 0x0000000100000000)
  eden space 207360K, 100% used [0x00000000d5980000,0x00000000e2400000,0x00000000e2400000)
  from space 9728K, 99% used [0x00000000e2f00000,0x00000000e387ddd0,0x00000000e3880000)
  to   space 11264K, 0% used [0x00000000e2400000,0x00000000e2400000,0x00000000e2f00000)
 ParOldGen       total 65536K, used 12488K [0x0000000080c00000, 0x0000000084c00000, 0x00000000d5980000)
  object space 65536K, 19% used [0x0000000080c00000,0x0000000081832098,0x0000000084c00000)
 Metaspace       used 51355K, capacity 53536K, committed 53848K, reserved 1095680K
  class space    used 6582K, capacity 6975K, committed 7040K, reserved 1048576K
Event: 123.860 GC heap after
Heap after GC invocations=11 (full 2):
 PSYoungGen      total 218624K, used 11263K [0x00000000d5980000, 0x00000000e9e80000, 0x0000000100000000)
  eden space 207360K, 0% used [0x00000000d5980000,0x00000000d5980000,0x00000000e2400000)
  from space 11264K, 99% used [0x00000000e2400000,0x00000000e2efff58,0x00000000e2f00000)
  to   space 14848K, 0% used [0x00000000e9000000,0x00000000e9000000,0x00000000e9e80000)
 ParOldGen       total 65536K, used 19186K [0x0000000080c00000, 0x0000000084c00000, 0x00000000d5980000)
  object space 65536K, 29% used [0x0000000080c00000,0x0000000081ebca18,0x0000000084c00000)
 Metaspace       used 51355K, capacity 53536K, committed 53848K, reserved 1095680K
  class space    used 6582K, capacity 6975K, committed 7040K, reserved 1048576K
}
Event: 2076.534 GC heap before
{Heap before GC invocations=12 (full 2):
 PSYoungGen      total 218624K, used 218623K [0x00000000d5980000, 0x00000000e9e80000, 0x0000000100000000)
  eden space 207360K, 100% used [0x00000000d5980000,0x00000000e2400000,0x00000000e2400000)
  from space 11264K, 99% used [0x00000000e2400000,0x00000000e2efff58,0x00000000e2f00000)
  to   space 14848K, 0% used [0x00000000e9000000,0x00000000e9000000,0x00000000e9e80000)
 ParOldGen       total 65536K, used 19186K [0x0000000080c00000, 0x0000000084c00000, 0x00000000d5980000)
  object space 65536K, 29% used [0x0000000080c00000,0x0000000081ebca18,0x0000000084c00000)
 Metaspace       used 52809K, capacity 55058K, committed 55256K, reserved 1097728K
  class space    used 6666K, capacity 7074K, committed 7168K, reserved 1048576K
Event: 2084.733 GC heap after
Heap after GC invocations=12 (full 2):
 PSYoungGen      total 305664K, used 7096K [0x00000000d5980000, 0x00000000e9880000, 0x0000000100000000)
  eden space 296960K, 0% used [0x00000000d5980000,0x00000000d5980000,0x00000000e7b80000)
  from space 8704K, 81% used [0x00000000e9000000,0x00000000e96ee220,0x00000000e9880000)
  to   space 14848K, 0% used [0x00000000e7b80000,0x00000000e7b80000,0x00000000e8a00000)
 ParOldGen       total 65536K, used 24401K [0x0000000080c00000, 0x0000000084c00000, 0x00000000d5980000)
  object space 65536K, 37% used [0x0000000080c00000,0x00000000823d4798,0x0000000084c00000)
 Metaspace       used 52809K, capacity 55058K, committed 55256K, reserved 1097728K
  class space    used 6666K, capacity 7074K, committed 7168K, reserved 1048576K
}

